<testsuite failures="0" name="src/test/java/feature/country.feature" skipped="0" tests="1" time="3.323946">
  <testcase classname="src.test.java.feature.country" name="1" time="3.323946">
    <system-out>* url 'https://restcountries.eu/' ......................................... passed
* header Accept = 'application/json' ...................................... passed
Given path 'rest/v2/all' .................................................. passed
When method get ........................................................... passed
Then status 200 ........................................................... passed</system-out>
  </testcase>
</testsuite>
